#
# A fatal error has been detected by the Java Runtime Environment:
#
#  EXCEPTION_ACCESS_VIOLATION (0xc0000005) at pc=0x00007ffd1cc6be7b, pid=35384, tid=0x0000000000004aec
#
# JRE version: Java(TM) SE Runtime Environment (8.0_161-b12) (build 1.8.0_161-b12)
# Java VM: Java HotSpot(TM) 64-Bit Server VM (25.161-b12 mixed mode windows-amd64 compressed oops)
# Problematic frame:
# C  [ntdll.dll+0x4be7b]
#
# Failed to write core dump. Minidumps are not enabled by default on client versions of Windows
#
# If you would like to submit a bug report, please visit:
#   http://bugreport.java.com/bugreport/crash.jsp
# The crash happened outside the Java Virtual Machine in native code.
# See problematic frame for where to report the bug.
#

---------------  T H R E A D  ---------------

Current thread (0x00000000091f0800):  JavaThread "Thread-1" [_thread_in_native, id=19180, stack(0x0000000008ea0000,0x0000000008fa0000)]

siginfo: ExceptionCode=0xc0000005, writing address 0x0000000000000024

Registers:
RAX=0x0000000000000000, RBX=0x0000000002d8e268, RCX=0x0000000002d8e268, RDX=0xffffffffffffffff
RSP=0x0000000008f9e9f0, RBP=0x0000000008f9ea60, RSI=0x0000000000000000, RDI=0x0000000000000000
R8 =0x0000000000000000, R9 =0x0000000000000000, R10=0x0000000006c9ec68, R11=0x00000000090d3198
R12=0x0000000000000000, R13=0x0000000006dec720, R14=0x0000000000000000, R15=0x00000000091f0800
RIP=0x00007ffd1cc6be7b, EFLAGS=0x0000000000010213

Top of Stack: (sp=0x0000000008f9e9f0)
0x0000000008f9e9f0:   ffffffffffffffff 0000000002d8e268
0x0000000008f9ea00:   0000000008f9ec90 0000000006dec720
0x0000000008f9ea10:   0000000000000000 00000000091f09f8
0x0000000008f9ea20:   0000000008f9eb18 000000000080c000
0x0000000008f9ea30:   0000000008f9ec90 000000005dfe93a1
0x0000000008f9ea40:   0000000000000000 0000000006dec720
0x0000000008f9ea50:   0000000000000000 0000000000000006
0x0000000008f9ea60:   00000000091f0800 0000000000000001
0x0000000008f9ea70:   0000000006dec720 0000000000000000
0x0000000008f9ea80:   0000000000000000 000000000949d900
0x0000000008f9ea90:   0000000000000001 00007ffd1cc40c49
0x0000000008f9eaa0:   0000000006ebf000 0000000002d8e268
0x0000000008f9eab0:   00000000fffffffa 000000005e0a73d5
0x0000000008f9eac0:   0000000008f9ec90 00007ffd1cc40b60
0x0000000008f9ead0:   0000000008f9eb50 0000000000010001
0x0000000008f9eae0:   000000000949d9c0 0000000000000000 

Instructions: (pc=0x00007ffd1cc6be7b)
0x00007ffd1cc6be5b:   0f 45 f6 48 39 73 18 0f 84 bb 01 00 00 48 83 3b
0x00007ffd1cc6be6b:   ff 0f 84 be 01 00 00 48 8b 03 48 83 f8 ff 74 03
0x00007ffd1cc6be7b:   ff 40 24 48 8b 7b 18 44 8b ee 48 89 7d c0 e8 02
0x00007ffd1cc6be8b:   ae fd ff 85 c0 0f 85 1a 14 07 00 b9 82 03 fe 7f 


Register to memory mapping:

RAX=0x0000000000000000 is an unknown value
RBX=0x0000000002d8e268 is an unknown value
RCX=0x0000000002d8e268 is an unknown value
RDX=0xffffffffffffffff is an unknown value
RSP=0x0000000008f9e9f0 is pointing into the stack for thread: 0x00000000091f0800
RBP=0x0000000008f9ea60 is pointing into the stack for thread: 0x00000000091f0800
RSI=0x0000000000000000 is an unknown value
RDI=0x0000000000000000 is an unknown value
R8 =0x0000000000000000 is an unknown value
R9 =0x0000000000000000 is an unknown value
R10={method} {0x0000000006c9ec70} 'addRecord' '(Ljava/lang/Object;JJ)V' in 'sun/java2d/Disposer'
R11=0x00000000090d3198 is an unknown value
R12=0x0000000000000000 is an unknown value
R13={method} {0x0000000006dec728} 'initOps' '(III)V' in 'sun/java2d/d3d/D3DSurfaceData'
R14=0x0000000000000000 is an unknown value
R15=0x00000000091f0800 is a thread


Stack: [0x0000000008ea0000,0x0000000008fa0000],  sp=0x0000000008f9e9f0,  free space=1018k
Native frames: (J=compiled Java code, j=interpreted, Vv=VM code, C=native code)
C  [ntdll.dll+0x4be7b]
C  [ntdll.dll+0x20c49]
C  [ntdll.dll+0x20b60]
C  0x00007ffce57f4d44

Java frames: (J=compiled Java code, j=interpreted, Vv=VM code)
j  sun.java2d.d3d.D3DSurfaceData.initOps(III)V+0
j  sun.java2d.d3d.D3DSurfaceData.<init>(Lsun/awt/windows/WComponentPeer;Lsun/java2d/d3d/D3DGraphicsConfig;IILjava/awt/Image;Ljava/awt/image/ColorModel;IILsun/java2d/pipe/hw/ExtendedBufferCapabilities$VSyncType;I)V+76
j  sun.java2d.d3d.D3DSurfaceData.createData(Lsun/awt/windows/WComponentPeer;Ljava/awt/Image;)Lsun/java2d/d3d/D3DSurfaceData;+117
j  sun.java2d.d3d.D3DVolatileSurfaceManager.initAcceleratedSurface()Lsun/java2d/SurfaceData;+59
j  sun.java2d.d3d.D3DVolatileSurfaceManager.restoreAcceleratedSurface()V+62
J 1012 C1 sun.awt.image.VolatileSurfaceManager.validate(Ljava/awt/GraphicsConfiguration;)I (204 bytes) @ 0x000000002056fd24 [0x000000002056f6e0+0x644]
J 1011 C1 sun.awt.image.SunVolatileImage.validate(Ljava/awt/GraphicsConfiguration;)I (9 bytes) @ 0x000000002056f2fc [0x000000002056f200+0xfc]
J 1075 C1 java.awt.Component$FlipBufferStrategy.revalidate(Z)V (143 bytes) @ 0x000000002059d7cc [0x000000002059d2c0+0x50c]
J 1024 C1 java.awt.Component$FlipBufferStrategy.getDrawGraphics()Ljava/awt/Graphics; (12 bytes) @ 0x00000000205771cc [0x0000000020577000+0x1cc]
j  pre.zandgall.tiles.Game.render()V+38
J 839% C2 pre.zandgall.tiles.Game.run()V (209 bytes) @ 0x00000000204fe0a8 [0x00000000204fcf40+0x1168]
j  java.lang.Thread.run()V+11
v  ~StubRoutines::call_stub

---------------  P R O C E S S  ---------------

Java Threads: ( => current thread )
  0x00000000090b1000 JavaThread "Thread-2" daemon [_thread_in_native, id=13756, stack(0x00000000132c0000,0x00000000133c0000)]
  0x000000000a123800 JavaThread "AWT-EventQueue-0" [_thread_blocked, id=30884, stack(0x0000000009f20000,0x000000000a020000)]
  0x000000000a0fd000 JavaThread "AWT-Shutdown" [_thread_blocked, id=29292, stack(0x0000000009a20000,0x0000000009b20000)]
  0x000000000a0fc800 JavaThread "Java2D Disposer" daemon [_thread_blocked, id=5116, stack(0x0000000009870000,0x0000000009970000)]
  0x000000000530e000 JavaThread "DestroyJavaVM" [_thread_blocked, id=21808, stack(0x0000000005160000,0x0000000005260000)]
=>0x00000000091f0800 JavaThread "Thread-1" [_thread_in_native, id=19180, stack(0x0000000008ea0000,0x0000000008fa0000)]
  0x00000000090c1800 JavaThread "Service Thread" daemon [_thread_blocked, id=14596, stack(0x0000000008ca0000,0x0000000008da0000)]
  0x0000000007229000 JavaThread "C1 CompilerThread2" daemon [_thread_blocked, id=5320, stack(0x0000000008aa0000,0x0000000008ba0000)]
  0x0000000007223000 JavaThread "C2 CompilerThread1" daemon [_thread_blocked, id=6668, stack(0x00000000089a0000,0x0000000008aa0000)]
  0x000000000721f000 JavaThread "C2 CompilerThread0" daemon [_thread_blocked, id=33260, stack(0x00000000088a0000,0x00000000089a0000)]
  0x000000000721d800 JavaThread "Attach Listener" daemon [_thread_blocked, id=27768, stack(0x00000000087a0000,0x00000000088a0000)]
  0x000000000721c800 JavaThread "Signal Dispatcher" daemon [_thread_blocked, id=10464, stack(0x00000000086a0000,0x00000000087a0000)]
  0x000000000720a800 JavaThread "Finalizer" daemon [_thread_blocked, id=5396, stack(0x00000000083b0000,0x00000000084b0000)]
  0x0000000005411000 JavaThread "Reference Handler" daemon [_thread_blocked, id=35184, stack(0x00000000082b0000,0x00000000083b0000)]

Other Threads:
  0x00000000071e8000 VMThread [stack: 0x0000000006f70000,0x0000000007070000] [id=33876]
  0x00000000090d2800 WatcherThread [stack: 0x0000000008da0000,0x0000000008ea0000] [id=23568]

VM state:not at safepoint (normal execution)

VM Mutex/Monitor currently owned by a thread: None

Heap:
 PSYoungGen      total 38400K, used 19909K [0x00000000d5b00000, 0x00000000d8580000, 0x0000000100000000)
  eden space 33280K, 59% used [0x00000000d5b00000,0x00000000d6e71430,0x00000000d7b80000)
  from space 5120K, 0% used [0x00000000d8080000,0x00000000d8080000,0x00000000d8580000)
  to   space 5120K, 0% used [0x00000000d7b80000,0x00000000d7b80000,0x00000000d8080000)
 ParOldGen       total 87552K, used 0K [0x0000000081000000, 0x0000000086580000, 0x00000000d5b00000)
  object space 87552K, 0% used [0x0000000081000000,0x0000000081000000,0x0000000086580000)
 Metaspace       used 10739K, capacity 10946K, committed 11136K, reserved 1058816K
  class space    used 1259K, capacity 1324K, committed 1408K, reserved 1048576K

Card table byte_map: [0x00000000057e0000,0x0000000005be0000] byte_map_base: 0x00000000053d8000

Marking Bits: (ParMarkBitMap*) 0x000000005e6af860
 Begin Bits: [0x000000000e0f0000, 0x00000000100b0000)
 End Bits:   [0x00000000100b0000, 0x0000000012070000)

Polling page: 0x0000000002ca0000

CodeCache: size=245760Kb used=3971Kb max_used=3975Kb free=241788Kb
 bounds [0x0000000020210000, 0x0000000020600000, 0x000000002f210000]
 total_blobs=1634 nmethods=1135 adapters=412
 compilation: enabled

Compilation events (10 events):
Event: 8.646 Thread 0x0000000007229000 1131       3       pre.zandgall.tiles.input.MouseManager::mouseMoved (17 bytes)
Event: 8.646 Thread 0x0000000007229000 nmethod 1131 0x00000000205f0090 code [0x00000000205f01e0, 0x00000000205f0470]
Event: 8.803 Thread 0x000000000721f000 1132       4       sun.java2d.SunGraphics2D::setColor (108 bytes)
Event: 8.806 Thread 0x000000000721f000 nmethod 1132 0x00000000205f3410 code [0x00000000205f3580, 0x00000000205f3878]
Event: 9.086 Thread 0x0000000007229000 1133       3       java.util.logging.LogManager$LoggerContext::ensureDefaultLogger (70 bytes)
Event: 9.087 Thread 0x0000000007229000 nmethod 1133 0x00000000205f27d0 code [0x00000000205f2980, 0x00000000205f3208]
Event: 9.087 Thread 0x0000000007229000 1134  s    3       java.util.Hashtable::containsKey (65 bytes)
Event: 9.087 Thread 0x0000000007229000 nmethod 1134 0x00000000205f1d90 code [0x00000000205f1f20, 0x00000000205f2558]
Event: 9.089 Thread 0x0000000007229000 1135       3       java.util.Hashtable$Enumerator::hasMoreElements (53 bytes)
Event: 9.090 Thread 0x0000000007229000 nmethod 1135 0x00000000205f1810 code [0x00000000205f1980, 0x00000000205f1c50]

GC Heap History (0 events):
No events

Deoptimization events (4 events):
Event: 0.104 Thread 0x000000000530e000 Uncommon trap: reason=unstable_if action=reinterpret pc=0x0000000020334138 method=java.lang.String.hashCode()I @ 14
Event: 1.186 Thread 0x00000000091f0800 Uncommon trap: reason=unstable_if action=reinterpret pc=0x000000002049d884 method=pre.zandgall.tiles.Game.run()V @ 78
Event: 2.153 Thread 0x00000000091f0800 Uncommon trap: reason=unstable_if action=reinterpret pc=0x00000000204b73e8 method=pre.zandgall.tiles.Game.run()V @ 102
Event: 9.086 Thread 0x00000000090b0800 Uncommon trap: reason=unstable_if action=reinterpret pc=0x00000000205a4370 method=java.util.concurrent.locks.AbstractQueuedSynchronizer.release(I)Z @ 14

Classes redefined (0 events):
No events

Internal exceptions (10 events):
Event: 0.037 Thread 0x000000000530e000 Exception <a 'java/lang/NoSuchMethodError': Method sun.misc.Unsafe.prefetchRead(Ljava/lang/Object;J)V name or signature does not match> (0x00000000d5b07f88) thrown at [C:\re\workspace\8-2-build-windows-amd64-cygwin\jdk8u161\10277\hotspot\src\share\vm\prim
Event: 0.147 Thread 0x00000000091f0800 Exception <a 'java/security/PrivilegedActionException'> (0x00000000d5d08550) thrown at [C:\re\workspace\8-2-build-windows-amd64-cygwin\jdk8u161\10277\hotspot\src\share\vm\prims\jvm.cpp, line 1390]
Event: 0.147 Thread 0x00000000091f0800 Exception <a 'java/security/PrivilegedActionException'> (0x00000000d5d08948) thrown at [C:\re\workspace\8-2-build-windows-amd64-cygwin\jdk8u161\10277\hotspot\src\share\vm\prims\jvm.cpp, line 1390]
Event: 0.148 Thread 0x00000000091f0800 Exception <a 'java/security/PrivilegedActionException'> (0x00000000d5d0c988) thrown at [C:\re\workspace\8-2-build-windows-amd64-cygwin\jdk8u161\10277\hotspot\src\share\vm\prims\jvm.cpp, line 1390]
Event: 0.148 Thread 0x00000000091f0800 Exception <a 'java/security/PrivilegedActionException'> (0x00000000d5d0cd80) thrown at [C:\re\workspace\8-2-build-windows-amd64-cygwin\jdk8u161\10277\hotspot\src\share\vm\prims\jvm.cpp, line 1390]
Event: 0.157 Thread 0x00000000091f0800 Exception <a 'java/io/FileNotFoundException'> (0x00000000d5d19de0) thrown at [C:\re\workspace\8-2-build-windows-amd64-cygwin\jdk8u161\10277\hotspot\src\share\vm\prims\jni.cpp, line 709]
Event: 0.190 Thread 0x00000000091f0800 Exception <a 'java/lang/NoSuchFieldError': method resolution failed> (0x00000000d5e90b98) thrown at [C:\re\workspace\8-2-build-windows-amd64-cygwin\jdk8u161\10277\hotspot\src\share\vm\prims\methodHandles.cpp, line 1167]
Event: 0.191 Thread 0x00000000091f0800 Exception <a 'java/lang/NoSuchFieldError': method resolution failed> (0x00000000d5e9df68) thrown at [C:\re\workspace\8-2-build-windows-amd64-cygwin\jdk8u161\10277\hotspot\src\share\vm\prims\methodHandles.cpp, line 1167]
Event: 0.232 Thread 0x00000000091f0800 Exception <a 'java/io/FileNotFoundException'> (0x00000000d5f47100) thrown at [C:\re\workspace\8-2-build-windows-amd64-cygwin\jdk8u161\10277\hotspot\src\share\vm\prims\jni.cpp, line 709]
Event: 9.086 Thread 0x00000000090b0800 Implicit null exception at 0x00000000205a4300 to 0x00000000205a4361

Events (10 events):
Event: 9.086 Thread 0x00000000090b0800 DEOPT PACKING pc=0x00000000205a4370 sp=0x000000000e0aedd0
Event: 9.086 Thread 0x00000000090b0800 DEOPT UNPACKING pc=0x000000002025583b sp=0x000000000e0aed10 mode 2
Event: 9.087 loading class sun/java2d/pipe/hw/AccelDeviceEventNotifier
Event: 9.087 loading class sun/java2d/pipe/hw/AccelDeviceEventNotifier done
Event: 9.089 loading class java/util/WeakHashMap$KeyIterator
Event: 9.089 loading class java/util/WeakHashMap$HashIterator
Event: 9.089 loading class java/util/WeakHashMap$HashIterator done
Event: 9.089 loading class java/util/WeakHashMap$KeyIterator done
Event: 9.089 Thread 0x000000000a450800 Thread exited: 0x000000000a450800
Event: 9.089 Thread 0x00000000090b0800 Thread exited: 0x00000000090b0800


Dynamic libraries:
0x00007ff6b3e10000 - 0x00007ff6b3e47000 	C:\Program Files\Java\jre1.8.0_161\bin\javaw.exe
0x00007ffd1cc20000 - 0x00007ffd1ce00000 	C:\WINDOWS\SYSTEM32\ntdll.dll
0x00007ffd1a0f0000 - 0x00007ffd1a19e000 	C:\WINDOWS\System32\KERNEL32.DLL
0x00007ffd19120000 - 0x00007ffd19386000 	C:\WINDOWS\System32\KERNELBASE.dll
0x00007ffd1a1a0000 - 0x00007ffd1a241000 	C:\WINDOWS\System32\ADVAPI32.dll
0x00007ffd1b150000 - 0x00007ffd1b1ed000 	C:\WINDOWS\System32\msvcrt.dll
0x00007ffd1b430000 - 0x00007ffd1b48b000 	C:\WINDOWS\System32\sechost.dll
0x00007ffd1ad70000 - 0x00007ffd1ae8f000 	C:\WINDOWS\System32\RPCRT4.dll
0x00007ffd1a610000 - 0x00007ffd1a79f000 	C:\WINDOWS\System32\USER32.dll
0x00007ffd19530000 - 0x00007ffd19550000 	C:\WINDOWS\System32\win32u.dll
0x00007ffd1b390000 - 0x00007ffd1b3b8000 	C:\WINDOWS\System32\GDI32.dll
0x00007ffd19ed0000 - 0x00007ffd1a063000 	C:\WINDOWS\System32\gdi32full.dll
0x00007ffd193e0000 - 0x00007ffd1947b000 	C:\WINDOWS\System32\msvcp_win.dll
0x00007ffd19020000 - 0x00007ffd19116000 	C:\WINDOWS\System32\ucrtbase.dll
0x00007ffd13f80000 - 0x00007ffd141e9000 	C:\WINDOWS\WinSxS\amd64_microsoft.windows.common-controls_6595b64144ccf1df_6.0.16299.309_none_15cfd4c4935e6b11\COMCTL32.dll
0x00007ffd1a300000 - 0x00007ffd1a608000 	C:\WINDOWS\System32\combase.dll
0x00007ffd1a070000 - 0x00007ffd1a0e2000 	C:\WINDOWS\System32\bcryptPrimitives.dll
0x00007ffd1a250000 - 0x00007ffd1a27d000 	C:\WINDOWS\System32\IMM32.DLL
0x00007ffd17d00000 - 0x00007ffd17dcf000 	C:\Windows\system32\tmumh\20019\AddOn\7.30.0.1081\TmUmEvt64.dll
0x00007ffd1a7a0000 - 0x00007ffd1a7a8000 	C:\WINDOWS\System32\PSAPI.DLL
0x00007ffd1b5a0000 - 0x00007ffd1b5f1000 	C:\WINDOWS\System32\SHLWAPI.dll
0x0000000060660000 - 0x00000000607ac000 	C:\Windows\system32\tmumh\20019\TmMon\2.6.0.2023\tmmon64.dll
0x000000005b700000 - 0x000000005b7d2000 	C:\Program Files\Java\jre1.8.0_161\bin\msvcr100.dll
0x000000005de90000 - 0x000000005e72f000 	C:\Program Files\Java\jre1.8.0_161\bin\server\jvm.dll
0x00007ffd132e0000 - 0x00007ffd132e9000 	C:\WINDOWS\SYSTEM32\WSOCK32.dll
0x00007ffd1b320000 - 0x00007ffd1b38c000 	C:\WINDOWS\System32\WS2_32.dll
0x00007ffd17260000 - 0x00007ffd17283000 	C:\WINDOWS\SYSTEM32\WINMM.dll
0x00007ffd144c0000 - 0x00007ffd144ca000 	C:\WINDOWS\SYSTEM32\VERSION.dll
0x00007ffd171e0000 - 0x00007ffd1720a000 	C:\WINDOWS\SYSTEM32\WINMMBASE.dll
0x00007ffd19390000 - 0x00007ffd193da000 	C:\WINDOWS\System32\cfgmgr32.dll
0x000000005dda0000 - 0x000000005ddaf000 	C:\Program Files\Java\jre1.8.0_161\bin\verify.dll
0x000000005dd70000 - 0x000000005dd99000 	C:\Program Files\Java\jre1.8.0_161\bin\java.dll
0x000000005dd50000 - 0x000000005dd66000 	C:\Program Files\Java\jre1.8.0_161\bin\zip.dll
0x00007ffd1b610000 - 0x00007ffd1ca46000 	C:\WINDOWS\System32\SHELL32.dll
0x00007ffd1b270000 - 0x00007ffd1b316000 	C:\WINDOWS\System32\shcore.dll
0x00007ffd19780000 - 0x00007ffd19ec7000 	C:\WINDOWS\System32\windows.storage.dll
0x00007ffd19000000 - 0x00007ffd19011000 	C:\WINDOWS\System32\kernel.appcore.dll
0x00007ffd18fb0000 - 0x00007ffd18ffc000 	C:\WINDOWS\System32\powrprof.dll
0x00007ffd18f90000 - 0x00007ffd18fab000 	C:\WINDOWS\System32\profapi.dll
0x000000005dd30000 - 0x000000005dd4a000 	C:\Program Files\Java\jre1.8.0_161\bin\net.dll
0x00007ffd187a0000 - 0x00007ffd18806000 	C:\WINDOWS\system32\mswsock.dll
0x000000005dd10000 - 0x000000005dd21000 	C:\Program Files\Java\jre1.8.0_161\bin\nio.dll
0x000000005b560000 - 0x000000005b6f8000 	C:\Program Files\Java\jre1.8.0_161\bin\awt.dll
0x00007ffd1a850000 - 0x00007ffd1a915000 	C:\WINDOWS\System32\OLEAUT32.dll
0x00007ffd17380000 - 0x00007ffd17408000 	C:\WINDOWS\SYSTEM32\apphelp.dll
0x00007ffd17740000 - 0x00007ffd1776a000 	C:\WINDOWS\system32\DWMAPI.DLL
0x00007ffd17670000 - 0x00007ffd17705000 	C:\WINDOWS\system32\uxtheme.dll
0x00007ffd04ee0000 - 0x00007ffd04ffe000 	C:\WINDOWS\system32\opengl32.dll
0x00007ffd09e80000 - 0x00007ffd09eac000 	C:\WINDOWS\SYSTEM32\GLU32.dll
0x00007ffd1ae90000 - 0x00007ffd1aff7000 	C:\WINDOWS\System32\MSCTF.dll
0x00007ffd1b000000 - 0x00007ffd1b149000 	C:\WINDOWS\System32\ole32.dll
0x00007ffd10a80000 - 0x00007ffd10bec000 	C:\Program Files (x86)\NVIDIA Corporation\3D Vision\nvSCPAPI64.dll
0x00007ffd1a920000 - 0x00007ffd1ad6e000 	C:\WINDOWS\System32\SETUPAPI.dll
0x000000005b510000 - 0x000000005b557000 	C:\Program Files\Java\jre1.8.0_161\bin\fontmanager.dll
0x00007ffd115b0000 - 0x00007ffd11648000 	C:\WINDOWS\System32\TextInputFramework.dll
0x00007ffd14a40000 - 0x00007ffd14d2e000 	C:\WINDOWS\System32\CoreUIComponents.dll
0x00007ffd16bc0000 - 0x00007ffd16c9c000 	C:\WINDOWS\System32\CoreMessaging.dll
0x00007ffd180a0000 - 0x00007ffd180d1000 	C:\WINDOWS\SYSTEM32\ntmarta.dll
0x00007ffd15340000 - 0x00007ffd15476000 	C:\WINDOWS\SYSTEM32\wintypes.dll
0x00007ffd18960000 - 0x00007ffd18977000 	C:\WINDOWS\SYSTEM32\CRYPTSP.dll
0x00007ffd183a0000 - 0x00007ffd183d3000 	C:\WINDOWS\system32\rsaenh.dll
0x00007ffd18a70000 - 0x00007ffd18a95000 	C:\WINDOWS\SYSTEM32\bcrypt.dll
0x00007ffd18ea0000 - 0x00007ffd18ec9000 	C:\WINDOWS\SYSTEM32\USERENV.dll
0x00007ffd18980000 - 0x00007ffd1898b000 	C:\WINDOWS\SYSTEM32\CRYPTBASE.dll
0x00007ffd18530000 - 0x00007ffd18569000 	C:\WINDOWS\SYSTEM32\IPHLPAPI.DLL
0x00007ffd1b600000 - 0x00007ffd1b608000 	C:\WINDOWS\System32\NSI.dll
0x00007ffd132c0000 - 0x00007ffd132d6000 	C:\WINDOWS\SYSTEM32\dhcpcsvc6.DLL
0x00007ffd13ef0000 - 0x00007ffd13f0a000 	C:\WINDOWS\SYSTEM32\dhcpcsvc.DLL
0x000000005b4c0000 - 0x000000005b502000 	C:\Program Files\Java\jre1.8.0_161\bin\t2k.dll
0x00007ffd0d520000 - 0x00007ffd0d6e8000 	C:\WINDOWS\SYSTEM32\dbghelp.dll

VM Arguments:
jvm_args: -Dfile.encoding=Cp1252 
java_command: pre.zandgall.tiles.Launcher
java_class_path (initial): C:\Program Files\Java\jre1.8.0_161\lib\resources.jar;C:\Program Files\Java\jre1.8.0_161\lib\rt.jar;C:\Program Files\Java\jre1.8.0_161\lib\jsse.jar;C:\Program Files\Java\jre1.8.0_161\lib\jce.jar;C:\Program Files\Java\jre1.8.0_161\lib\charsets.jar;C:\Program Files\Java\jre1.8.0_161\lib\jfr.jar;C:\Program Files\Java\jre1.8.0_161\lib\ext\access-bridge-64.jar;C:\Program Files\Java\jre1.8.0_161\lib\ext\cldrdata.jar;C:\Program Files\Java\jre1.8.0_161\lib\ext\dnsns.jar;C:\Program Files\Java\jre1.8.0_161\lib\ext\jaccess.jar;C:\Program Files\Java\jre1.8.0_161\lib\ext\jfxrt.jar;C:\Program Files\Java\jre1.8.0_161\lib\ext\localedata.jar;C:\Program Files\Java\jre1.8.0_161\lib\ext\nashorn.jar;C:\Program Files\Java\jre1.8.0_161\lib\ext\sunec.jar;C:\Program Files\Java\jre1.8.0_161\lib\ext\sunjce_provider.jar;C:\Program Files\Java\jre1.8.0_161\lib\ext\sunmscapi.jar;C:\Program Files\Java\jre1.8.0_161\lib\ext\sunpkcs11.jar;C:\Program Files\Java\jre1.8.0_161\lib\ext\zipfs.jar;C:\Users\The Gall\Dropbox (Personal)\Projects\Eclipse\TutorialGame\bin;C:\Users\The Gall\Dropbox (Personal)\Projects\Eclipse\TutorialGame\res
Launcher Type: SUN_STANDARD

Environment Variables:
PATH=C:/Program Files/Java/jre1.8.0_161/bin/server;C:/Program Files/Java/jre1.8.0_161/bin;C:/Program Files/Java/jre1.8.0_161/lib/amd64;C:\ProgramData\Oracle\Java\javapath;C:\WINDOWS\system32;C:\WINDOWS;C:\WINDOWS\System32\Wbem;C:\WINDOWS\System32\WindowsPowerShell\v1.0\;C:\Users\alexa\AppData\Local\Microsoft\WindowsApps;;C:\Users\alexa\Desktop;
USERNAME=alexa
OS=Windows_NT
PROCESSOR_IDENTIFIER=Intel64 Family 6 Model 58 Stepping 9, GenuineIntel



---------------  S Y S T E M  ---------------

OS: Windows 10.0 , 64 bit Build 16299 (10.0.16299.15)

CPU:total 4 (initial active 4) (4 cores per cpu, 1 threads per core) family 6 model 58 stepping 9, cmov, cx8, fxsr, mmx, sse, sse2, sse3, ssse3, sse4.1, sse4.2, popcnt, avx, aes, clmul, erms, tsc, tscinvbit, tscinv

Memory: 4k page, physical 8317288k(2274464k free), swap 13298024k(3822820k free)

vm_info: Java HotSpot(TM) 64-Bit Server VM (25.161-b12) for windows-amd64 JRE (1.8.0_161-b12), built on Dec 19 2017 17:52:25 by "java_re" with MS VC++ 10.0 (VS2010)

time: Wed Mar 21 18:44:28 2018
elapsed time: 9 seconds (0d 0h 0m 9s)

